nohup: ignoring input
[I 2026-04-07 16:46:14.862 ServerApp] jupyter_lsp | extension was successfully linked.
[I 2026-04-07 16:46:14.868 ServerApp] jupyter_server_terminals | extension was successfully linked.
[I 2026-04-07 16:46:14.875 ServerApp] jupyterlab | extension was successfully linked.
[I 2026-04-07 16:46:14.879 ServerApp] notebook | extension was successfully linked.
[I 2026-04-07 16:46:15.502 ServerApp] notebook_shim | extension was successfully linked.
[I 2026-04-07 16:46:15.545 ServerApp] notebook_shim | extension was successfully loaded.
[I 2026-04-07 16:46:15.548 ServerApp] jupyter_lsp | extension was successfully loaded.
[I 2026-04-07 16:46:15.550 ServerApp] jupyter_server_terminals | extension was successfully loaded.
[I 2026-04-07 16:46:15.563 LabApp] JupyterLab extension loaded from /home/dakshesh/ml_project/venv/lib/python3.10/site-packages/jupyterlab
[I 2026-04-07 16:46:15.563 LabApp] JupyterLab application directory is /home/dakshesh/ml_project/venv/share/jupyter/lab
[I 2026-04-07 16:46:15.564 LabApp] Extension Manager is 'pypi'.
[I 2026-04-07 16:46:15.656 ServerApp] jupyterlab | extension was successfully loaded.
[I 2026-04-07 16:46:15.662 ServerApp] notebook | extension was successfully loaded.
[I 2026-04-07 16:46:15.663 ServerApp] Serving notebooks from local directory: /home/dakshesh/ml_project
[I 2026-04-07 16:46:15.663 ServerApp] Jupyter Server 2.17.0 is running at:
[I 2026-04-07 16:46:15.663 ServerApp] http://localhost:8888/tree?token=f6987be7780935a79539e572e82a47e564b3856e73c24de0
[I 2026-04-07 16:46:15.663 ServerApp]     http://127.0.0.1:8888/tree?token=f6987be7780935a79539e572e82a47e564b3856e73c24de0
[I 2026-04-07 16:46:15.663 ServerApp] Use Control-C to stop this server and shut down all kernels (twice to skip confirmation).
[C 2026-04-07 16:46:15.668 ServerApp] 
    
    To access the server, open this file in a browser:
        file:///home/dakshesh/.local/share/jupyter/runtime/jpserver-44919-open.html
    Or copy and paste one of these URLs:
        http://localhost:8888/tree?token=f6987be7780935a79539e572e82a47e564b3856e73c24de0
        http://127.0.0.1:8888/tree?token=f6987be7780935a79539e572e82a47e564b3856e73c24de0
[I 2026-04-07 16:46:16.564 ServerApp] Skipped non-installed server(s): basedpyright, bash-language-server, dockerfile-language-server-nodejs, javascript-typescript-langserver, jedi-language-server, julia-language-server, pyrefly, pyright, python-language-server, python-lsp-server, r-languageserver, sql-language-server, texlab, typescript-language-server, unified-language-server, vscode-css-languageserver-bin, vscode-html-languageserver-bin, vscode-json-languageserver-bin, yaml-language-server
[W 2026-04-07 16:46:50.131 ServerApp] Notebook Laptop_price_predictor.ipynb is not trusted
[W 2026-04-07 16:46:51.427 ServerApp] Notebook Laptop_price_predictor.ipynb is not trusted
[I 2026-04-07 16:46:51.896 ServerApp] Kernel started: d4c56b76-3939-4078-ace3-a8aca0e06d11
[I 2026-04-07 16:46:53.220 ServerApp] Adapting from protocol version 5.3 (kernel d4c56b76-3939-4078-ace3-a8aca0e06d11) to 5.4 (client).
[I 2026-04-07 16:46:53.222 ServerApp] Connecting to kernel d4c56b76-3939-4078-ace3-a8aca0e06d11.
[W 2026-04-07 16:46:53.225 ServerApp] The websocket_ping_timeout (90000) cannot be longer than the websocket_ping_interval (30000).
    Setting websocket_ping_timeout=30000
[I 2026-04-07 16:46:53.241 ServerApp] Adapting from protocol version 5.3 (kernel d4c56b76-3939-4078-ace3-a8aca0e06d11) to 5.4 (client).
[I 2026-04-07 16:46:53.243 ServerApp] Connecting to kernel d4c56b76-3939-4078-ace3-a8aca0e06d11.
[I 2026-04-07 16:46:53.264 ServerApp] Adapting from protocol version 5.3 (kernel d4c56b76-3939-4078-ace3-a8aca0e06d11) to 5.4 (client).
[I 2026-04-07 16:46:53.265 ServerApp] Connecting to kernel d4c56b76-3939-4078-ace3-a8aca0e06d11.
[I 2026-04-07 16:46:55.472 ServerApp] Adapting from protocol version 5.3 (kernel d4c56b76-3939-4078-ace3-a8aca0e06d11) to 5.4 (client).
[I 2026-04-07 16:46:55.473 ServerApp] Connecting to kernel d4c56b76-3939-4078-ace3-a8aca0e06d11.
[I 2026-04-07 16:48:52.301 ServerApp] Saving file at /Laptop_price_predictor.ipynb
[I 2026-04-07 16:50:51.556 ServerApp] Saving file at /Laptop_price_predictor.ipynb
[I 2026-04-07 16:56:52.012 ServerApp] Saving file at /Laptop_price_predictor.ipynb
[I 2026-04-07 17:10:04.923 ServerApp] Starting buffering for d4c56b76-3939-4078-ace3-a8aca0e06d11:352862ec-ec5a-4ae2-b0b9-64ed8b56c2a1
[I 2026-04-07 17:10:05.790 ServerApp] Adapting from protocol version 5.3 (kernel d4c56b76-3939-4078-ace3-a8aca0e06d11) to 5.4 (client).
[I 2026-04-07 17:10:05.795 ServerApp] Connecting to kernel d4c56b76-3939-4078-ace3-a8aca0e06d11.
[I 2026-04-07 17:10:05.796 ServerApp] Restoring connection for d4c56b76-3939-4078-ace3-a8aca0e06d11:352862ec-ec5a-4ae2-b0b9-64ed8b56c2a1
[I 2026-04-07 17:10:09.787 ServerApp] Starting buffering for d4c56b76-3939-4078-ace3-a8aca0e06d11:352862ec-ec5a-4ae2-b0b9-64ed8b56c2a1
[I 2026-04-07 17:15:03.193 ServerApp] Adapting from protocol version 5.3 (kernel d4c56b76-3939-4078-ace3-a8aca0e06d11) to 5.4 (client).
[I 2026-04-07 17:15:03.204 ServerApp] Connecting to kernel d4c56b76-3939-4078-ace3-a8aca0e06d11.
[I 2026-04-07 17:15:03.205 ServerApp] Restoring connection for d4c56b76-3939-4078-ace3-a8aca0e06d11:352862ec-ec5a-4ae2-b0b9-64ed8b56c2a1
[I 2026-04-07 17:22:24.538 ServerApp] Starting buffering for d4c56b76-3939-4078-ace3-a8aca0e06d11:352862ec-ec5a-4ae2-b0b9-64ed8b56c2a1
[I 2026-04-07 17:22:25.438 ServerApp] Adapting from protocol version 5.3 (kernel d4c56b76-3939-4078-ace3-a8aca0e06d11) to 5.4 (client).
[I 2026-04-07 17:22:25.442 ServerApp] Connecting to kernel d4c56b76-3939-4078-ace3-a8aca0e06d11.
[I 2026-04-07 17:22:25.443 ServerApp] Restoring connection for d4c56b76-3939-4078-ace3-a8aca0e06d11:352862ec-ec5a-4ae2-b0b9-64ed8b56c2a1
[I 2026-04-07 17:23:27.882 ServerApp] Starting buffering for d4c56b76-3939-4078-ace3-a8aca0e06d11:352862ec-ec5a-4ae2-b0b9-64ed8b56c2a1
[I 2026-04-07 21:12:54.669 ServerApp] Adapting from protocol version 5.3 (kernel d4c56b76-3939-4078-ace3-a8aca0e06d11) to 5.4 (client).
[I 2026-04-07 21:12:54.672 ServerApp] Connecting to kernel d4c56b76-3939-4078-ace3-a8aca0e06d11.
[I 2026-04-07 21:12:54.673 ServerApp] Restoring connection for d4c56b76-3939-4078-ace3-a8aca0e06d11:352862ec-ec5a-4ae2-b0b9-64ed8b56c2a1
[I 2026-04-07 21:20:15.875 ServerApp] Starting buffering for d4c56b76-3939-4078-ace3-a8aca0e06d11:352862ec-ec5a-4ae2-b0b9-64ed8b56c2a1
[I 2026-04-07 21:20:16.532 ServerApp] Adapting from protocol version 5.3 (kernel d4c56b76-3939-4078-ace3-a8aca0e06d11) to 5.4 (client).
[I 2026-04-07 21:20:16.535 ServerApp] Connecting to kernel d4c56b76-3939-4078-ace3-a8aca0e06d11.
[I 2026-04-07 21:20:16.535 ServerApp] Restoring connection for d4c56b76-3939-4078-ace3-a8aca0e06d11:352862ec-ec5a-4ae2-b0b9-64ed8b56c2a1
[I 2026-04-07 22:16:26.266 ServerApp] Starting buffering for d4c56b76-3939-4078-ace3-a8aca0e06d11:352862ec-ec5a-4ae2-b0b9-64ed8b56c2a1
[I 2026-04-07 22:16:27.003 ServerApp] Adapting from protocol version 5.3 (kernel d4c56b76-3939-4078-ace3-a8aca0e06d11) to 5.4 (client).
[I 2026-04-07 22:16:27.005 ServerApp] Connecting to kernel d4c56b76-3939-4078-ace3-a8aca0e06d11.
[I 2026-04-07 22:16:27.005 ServerApp] Restoring connection for d4c56b76-3939-4078-ace3-a8aca0e06d11:352862ec-ec5a-4ae2-b0b9-64ed8b56c2a1
[I 2026-04-07 22:23:06.965 ServerApp] Starting buffering for d4c56b76-3939-4078-ace3-a8aca0e06d11:352862ec-ec5a-4ae2-b0b9-64ed8b56c2a1
[C 2026-04-08 23:36:27.121 ServerApp] received signal 15, stopping
